This file contains any messages produced by compilers while
running configure, to aid debugging if configure makes a mistake.

It was created by configure, which was
generated by GNU Autoconf 2.71.  Invocation command line was

  $ ./configure --prefix=/data/data/com.termux/files/home --with-debug

## --------- ##
## Platform. ##
## --------- ##

hostname = localhost
uname -m = aarch64
uname -r = 4.4.78-perf+
uname -s = Linux
uname -v = #1 SMP PREEMPT Fri Feb 28 15:04:35 EST 2020

/usr/bin/uname -p = unknown
/bin/uname -X     = unknown

/bin/arch              = unknown
/usr/bin/arch -k       = unknown
/usr/convex/getsysinfo = unknown
/usr/bin/hostinfo      = unknown
/bin/machine           = unknown
/usr/bin/oslevel       = unknown
/bin/universe          = unknown

PATH: /data/data/com.termux/files/usr/bin/
PATH: /data/data/com.termux/files/home/bin/


## ----------- ##
## Core tests. ##
## ----------- ##

configure:2278: looking for aux files: install-sh
configure:2291:  trying ./
configure:2305:   ./install.sh found
configure:2497: checking for gcc
configure:2518: found /data/data/com.termux/files/usr/bin/gcc
configure:2529: result: gcc
configure:2882: checking for C compiler version
configure:2891: gcc --version >&5
clang version 15.0.6
Target: aarch64-unknown-linux-android24
Thread model: posix
InstalledDir: /data/data/com.termux/files/usr/bin
configure:2902: $? = 0
configure:2891: gcc -v >&5
clang version 15.0.6
Target: aarch64-unknown-linux-android24
Thread model: posix
InstalledDir: /data/data/com.termux/files/usr/bin
configure:2902: $? = 0
configure:2891: gcc -V >&5
clang-15: error: argument to '-V' is missing (expected 1 value)
clang-15: error: no input files
configure:2902: $? = 1
configure:2891: gcc -qversion >&5
clang-15: error: unknown argument '-qversion'; did you mean '--version'?
clang-15: error: no input files
configure:2902: $? = 1
configure:2891: gcc -version >&5
clang-15: error: unknown argument '-version'; did you mean '--version'?
clang-15: error: no input files
configure:2902: $? = 1
configure:2922: checking whether the C compiler works
configure:2944: gcc    conftest.c  >&5
configure:2948: $? = 0
configure:2998: result: yes
configure:3001: checking for C compiler default output file name
configure:3003: result: a.out
configure:3009: checking for suffix of executables
configure:3016: gcc -o conftest    conftest.c  >&5
configure:3020: $? = 0
configure:3043: result: 
configure:3065: checking whether we are cross compiling
configure:3073: gcc -o conftest    conftest.c  >&5
configure:3077: $? = 0
configure:3084: ./conftest
configure:3088: $? = 0
configure:3103: result: no
configure:3108: checking for suffix of object files
configure:3131: gcc -c   conftest.c >&5
configure:3135: $? = 0
configure:3157: result: o
configure:3161: checking whether the compiler supports GNU C
configure:3181: gcc -c   conftest.c >&5
configure:3181: $? = 0
configure:3191: result: yes
configure:3202: checking whether gcc accepts -g
configure:3223: gcc -c -g  conftest.c >&5
configure:3223: $? = 0
configure:3267: result: yes
configure:3287: checking for gcc option to enable C11 features
configure:3302: gcc  -c -g -O2  conftest.c >&5
conftest.c:23:14: warning: a function definition without a prototype is deprecated in all versions of C and is not supported in C2x [-Wdeprecated-non-prototype]
static char *e (p, i)
             ^
1 warning generated.
configure:3302: $? = 0
configure:3320: result: none needed
configure:3446: checking for a BSD-compatible install
configure:3519: result: /data/data/com.termux/files/usr/bin/install -c
configure:3535: checking for stdio.h
configure:3535: gcc -c -g -O2  conftest.c >&5
configure:3535: $? = 0
configure:3535: result: yes
configure:3535: checking for stdlib.h
configure:3535: gcc -c -g -O2  conftest.c >&5
configure:3535: $? = 0
configure:3535: result: yes
configure:3535: checking for string.h
configure:3535: gcc -c -g -O2  conftest.c >&5
configure:3535: $? = 0
configure:3535: result: yes
configure:3535: checking for inttypes.h
configure:3535: gcc -c -g -O2  conftest.c >&5
configure:3535: $? = 0
configure:3535: result: yes
configure:3535: checking for stdint.h
configure:3535: gcc -c -g -O2  conftest.c >&5
configure:3535: $? = 0
configure:3535: result: yes
configure:3535: checking for strings.h
configure:3535: gcc -c -g -O2  conftest.c >&5
configure:3535: $? = 0
configure:3535: result: yes
configure:3535: checking for sys/stat.h
configure:3535: gcc -c -g -O2  conftest.c >&5
configure:3535: $? = 0
configure:3535: result: yes
configure:3535: checking for sys/types.h
configure:3535: gcc -c -g -O2  conftest.c >&5
configure:3535: $? = 0
configure:3535: result: yes
configure:3535: checking for unistd.h
configure:3535: gcc -c -g -O2  conftest.c >&5
configure:3535: $? = 0
configure:3535: result: yes
configure:3560: checking whether byte ordering is bigendian
configure:3576: gcc -c -g -O2  conftest.c >&5
conftest.c:20:9: error: unknown type name 'not'
               not a universal capable compiler
               ^
conftest.c:20:14: error: expected ';' after top level declarator
               not a universal capable compiler
                    ^
                    ;
2 errors generated.
configure:3576: $? = 1
configure: failed program was:
| /* confdefs.h */
| #define PACKAGE_NAME ""
| #define PACKAGE_TARNAME ""
| #define PACKAGE_VERSION ""
| #define PACKAGE_STRING ""
| #define PACKAGE_BUGREPORT ""
| #define PACKAGE_URL ""
| #define HAVE_STDIO_H 1
| #define HAVE_STDLIB_H 1
| #define HAVE_STRING_H 1
| #define HAVE_INTTYPES_H 1
| #define HAVE_STDINT_H 1
| #define HAVE_STRINGS_H 1
| #define HAVE_SYS_STAT_H 1
| #define HAVE_SYS_TYPES_H 1
| #define HAVE_UNISTD_H 1
| #define STDC_HEADERS 1
| /* end confdefs.h.  */
| #ifndef __APPLE_CC__
| 	       not a universal capable compiler
| 	     #endif
| 	     typedef int dummy;
| 
configure:3622: gcc -c -g -O2  conftest.c >&5
configure:3622: $? = 0
configure:3641: gcc -c -g -O2  conftest.c >&5
conftest.c:26:4: error: use of undeclared identifier 'not'
                 not big endian
                 ^
1 error generated.
configure:3641: $? = 1
configure: failed program was:
| /* confdefs.h */
| #define PACKAGE_NAME ""
| #define PACKAGE_TARNAME ""
| #define PACKAGE_VERSION ""
| #define PACKAGE_STRING ""
| #define PACKAGE_BUGREPORT ""
| #define PACKAGE_URL ""
| #define HAVE_STDIO_H 1
| #define HAVE_STDLIB_H 1
| #define HAVE_STRING_H 1
| #define HAVE_INTTYPES_H 1
| #define HAVE_STDINT_H 1
| #define HAVE_STRINGS_H 1
| #define HAVE_SYS_STAT_H 1
| #define HAVE_SYS_TYPES_H 1
| #define HAVE_UNISTD_H 1
| #define STDC_HEADERS 1
| /* end confdefs.h.  */
| #include <sys/types.h>
| 		#include <sys/param.h>
| 
| int
| main (void)
| {
| #if BYTE_ORDER != BIG_ENDIAN
| 		 not big endian
| 		#endif
| 
|   ;
|   return 0;
| }
configure:3775: result: no
configure:3826: checking CPU type
configure:3939: checking Operating System
configure:4056: checking for main in -lutil
configure:4076: gcc -o conftest -Isrc/ -I. -I/data/data/com.termux/files/home/include -DPREFIX="\"${DESTDIR}/\"" -fPIC -L/usr/local/lib -DCONFIG_H   conftest.c -lutil   >&5
configure:4076: $? = 0
configure:4086: result: yes
configure:4137: checking for main in -ldl
configure:4157: clang -o conftest -Isrc/ -I. -I/data/data/com.termux/files/home/include -DPREFIX="\"${DESTDIR}/\"" -fPIC -L/usr/local/lib -DCONFIG_H -g   conftest.c -ldl   -lutil >&5
configure:4157: $? = 0
configure:4167: result: yes
configure:4177: checking for math.h
configure:4177: clang -c -Isrc/ -I. -I/data/data/com.termux/files/home/include -DPREFIX="\"${DESTDIR}/\"" -fPIC -L/usr/local/lib -DCONFIG_H -g  conftest.c >&5
clang-15: warning: argument unused during compilation: '-L/usr/local/lib' [-Wunused-command-line-argument]
configure:4177: $? = 0
configure:4177: result: yes
configure:4186: checking for main in -lm
configure:4206: clang -o conftest -Isrc/ -I. -I/data/data/com.termux/files/home/include -DPREFIX="\"${DESTDIR}/\"" -fPIC -L/usr/local/lib -DCONFIG_H -g   conftest.c -lm   -lutil -ldl >&5
configure:4206: $? = 0
configure:4216: result: yes
configure:4226: checking for main in -lgc
configure:4246: clang -o conftest -Isrc/ -I. -I/data/data/com.termux/files/home/include -DPREFIX="\"${DESTDIR}/\"" -fPIC -L/usr/local/lib -DCONFIG_H -g   conftest.c -lgc   -lutil -ldl -lm >&5
configure:4246: $? = 0
configure:4256: result: yes
configure:4266: checking for main in -lpcre
configure:4286: clang -o conftest -Isrc/ -I. -I/data/data/com.termux/files/home/include -DPREFIX="\"${DESTDIR}/\"" -fPIC -L/usr/local/lib -DCONFIG_H -g   conftest.c -lpcre   -lutil -ldl -lm -lgc >&5
configure:4286: $? = 0
configure:4296: result: yes
configure:4306: checking for main in -lpthread
configure:4326: clang -o conftest -Isrc/ -I. -I/data/data/com.termux/files/home/include -DPREFIX="\"${DESTDIR}/\"" -fPIC -L/usr/local/lib -DCONFIG_H -g   conftest.c -lpthread   -lutil -ldl -lm -lgc >&5
configure:4326: $? = 0
configure:4336: result: yes
configure:4346: checking for iconv.h
configure:4346: clang -c -Isrc/ -I. -I/data/data/com.termux/files/home/include -DPREFIX="\"${DESTDIR}/\"" -fPIC -L/usr/local/lib -DCONFIG_H -g  conftest.c >&5
clang-15: warning: argument unused during compilation: '-L/usr/local/lib' [-Wunused-command-line-argument]
configure:4346: $? = 0
configure:4346: result: yes
configure:4359: checking for main in -lrt
configure:4379: clang -o conftest -Isrc/ -I. -I/data/data/com.termux/files/home/include -DPREFIX="\"${DESTDIR}/\"" -fPIC -L/usr/local/lib -DCONFIG_H -g   conftest.c -lrt   -lutil -ldl -lm -lgc >&5
configure:4379: $? = 0
configure:4389: result: yes
configure:4448: checking for lchmod
configure:4448: clang -o conftest -Isrc/ -I. -I/data/data/com.termux/files/home/include -DPREFIX="\"${DESTDIR}/\"" -fPIC -L/usr/local/lib -DCONFIG_H -g   conftest.c  -lutil -ldl -lm -lgc -lrt >&5
ld.lld: error: undefined symbol: lchmod
>>> referenced by conftest.c:52
>>>               /data/data/com.termux/files/usr/tmp/conftest-2217b9.o:(main)
>>> did you mean: fchmod
>>> defined in: /system/lib64/libc.so
clang-15: error: linker command failed with exit code 1 (use -v to see invocation)
configure:4448: $? = 1
configure: failed program was:
| /* confdefs.h */
| #define PACKAGE_NAME ""
| #define PACKAGE_TARNAME ""
| #define PACKAGE_VERSION ""
| #define PACKAGE_STRING ""
| #define PACKAGE_BUGREPORT ""
| #define PACKAGE_URL ""
| #define HAVE_STDIO_H 1
| #define HAVE_STDLIB_H 1
| #define HAVE_STRING_H 1
| #define HAVE_INTTYPES_H 1
| #define HAVE_STDINT_H 1
| #define HAVE_STRINGS_H 1
| #define HAVE_SYS_STAT_H 1
| #define HAVE_SYS_TYPES_H 1
| #define HAVE_UNISTD_H 1
| #define STDC_HEADERS 1
| #define __ANDROID__ 1
| #define __AARCH64_CPU__ 1
| #define __64BIT_CPU__ 1
| #define __LINUX__ 1
| #define HAVE_MATH_H 1
| #define HAVE_ICONV_H 1
| /* end confdefs.h.  */
| /* Define lchmod to an innocuous variant, in case <limits.h> declares lchmod.
|    For example, HP-UX 11i <limits.h> declares gettimeofday.  */
| #define lchmod innocuous_lchmod
| 
| /* System header to define __stub macros and hopefully few prototypes,
|    which can conflict with char lchmod (); below.  */
| 
| #include <limits.h>
| #undef lchmod
| 
| /* Override any GCC internal prototype to avoid an error.
|    Use char because int might match the return type of a GCC
|    builtin and then its argument prototype would still apply.  */
| #ifdef __cplusplus
| extern "C"
| #endif
| char lchmod ();
| /* The GNU C library defines this for functions which it implements
|     to always fail with ENOSYS.  Some functions are actually named
|     something starting with __ and the normal name is an alias.  */
| #if defined __stub_lchmod || defined __stub___lchmod
| choke me
| #endif
| 
| int
| main (void)
| {
| return lchmod ();
|   ;
|   return 0;
| }
configure:4448: result: no
configure:4636: creating ./config.status

## ---------------------- ##
## Running config.status. ##
## ---------------------- ##

This file was extended by config.status, which was
generated by GNU Autoconf 2.71.  Invocation command line was

  CONFIG_FILES    = 
  CONFIG_HEADERS  = 
  CONFIG_LINKS    = 
  CONFIG_COMMANDS = 
  $ ./config.status 

on localhost

config.status:815: creating Makefile
config.status:815: creating config.h
config.status:990: config.h is unchanged

## ---------------- ##
## Cache variables. ##
## ---------------- ##

ac_cv_c_bigendian='no'
ac_cv_c_compiler_gnu='yes'
ac_cv_env_CC_set=''
ac_cv_env_CC_value=''
ac_cv_env_CFLAGS_set=''
ac_cv_env_CFLAGS_value=''
ac_cv_env_CPPFLAGS_set=''
ac_cv_env_CPPFLAGS_value=''
ac_cv_env_LDFLAGS_set=''
ac_cv_env_LDFLAGS_value=''
ac_cv_env_LIBS_set=''
ac_cv_env_LIBS_value=''
ac_cv_env_build_alias_set=''
ac_cv_env_build_alias_value=''
ac_cv_env_host_alias_set=''
ac_cv_env_host_alias_value=''
ac_cv_env_target_alias_set=''
ac_cv_env_target_alias_value=''
ac_cv_func_lchmod='no'
ac_cv_header_iconv_h='yes'
ac_cv_header_inttypes_h='yes'
ac_cv_header_math_h='yes'
ac_cv_header_stdint_h='yes'
ac_cv_header_stdio_h='yes'
ac_cv_header_stdlib_h='yes'
ac_cv_header_string_h='yes'
ac_cv_header_strings_h='yes'
ac_cv_header_sys_stat_h='yes'
ac_cv_header_sys_types_h='yes'
ac_cv_header_unistd_h='yes'
ac_cv_lib_dl='ac_cv_lib_dl_main'
ac_cv_lib_dl_main='yes'
ac_cv_lib_gc='ac_cv_lib_gc_main'
ac_cv_lib_gc_main='yes'
ac_cv_lib_m='ac_cv_lib_m_main'
ac_cv_lib_m_main='yes'
ac_cv_lib_pcre='ac_cv_lib_pcre_main'
ac_cv_lib_pcre_main='yes'
ac_cv_lib_pthread='ac_cv_lib_pthread_main'
ac_cv_lib_pthread_main='yes'
ac_cv_lib_rt='ac_cv_lib_rt_main'
ac_cv_lib_rt_main='yes'
ac_cv_lib_util='ac_cv_lib_util_main'
ac_cv_lib_util_main='yes'
ac_cv_objext='o'
ac_cv_path_install='/data/data/com.termux/files/usr/bin/install -c'
ac_cv_prog_ac_ct_CC='gcc'
ac_cv_prog_cc_c11=''
ac_cv_prog_cc_g='yes'
ac_cv_prog_cc_stdc=''

## ----------------- ##
## Output variables. ##
## ----------------- ##

CC='clang'
CFLAGS='-I/data/data/com.termux/files/usr/include  -D__STDC_CONSTANT_MACROS -D__STDC_FORMAT_MACROS -D__STDC_LIMIT_MACROS  -Isrc/ -I. -I/data/data/com.termux/files/home/include -DPREFIX="\"${DESTDIR}/\"" -fPIC -L/usr/local/lib -DCONFIG_H -g -DLLVM_VERSION=15 -DCLANG="\"clang\"" -DGCC="\"clang\""'
CLANG=''
CPPFLAGS=''
CXX='clang++'
CXXFLAGS2='-I/data/data/com.termux/files/usr/include -std=c++14   -fno-exceptions -fno-rtti -D__STDC_CONSTANT_MACROS -D__STDC_FORMAT_MACROS -D__STDC_LIMIT_MACROS -L/data/data/com.termux/files/usr/lib  -lLLVM-15   -g -I . -I src -DPREFIX="\"${DESTDIR}/\" -L/usr/local/lib"'
CXXFLAGS='-I/data/data/com.termux/files/usr/include -std=c++14   -fno-exceptions -fno-rtti -D__STDC_CONSTANT_MACROS -D__STDC_FORMAT_MACROS -D__STDC_LIMIT_MACROS -L/data/data/com.termux/files/usr/lib  -lLLVM-15   -g -I . -I src -DPREFIX="\"${DESTDIR}/\" -L/usr/local/lib"'
DEFS='-DHAVE_CONFIG_H'
DESTDIR='/data/data/com.termux/files/home'
ECHO_C=''
ECHO_N='-n'
ECHO_T=''
EXEEXT=''
INSTALL_DATA='${INSTALL} -m 644'
INSTALL_PROGRAM='${INSTALL}'
INSTALL_SCRIPT='${INSTALL}'
LDFLAGS=''
LIBOBJS=''
LIBS=' -lutil -ldl -lm -lgc -lrt'
LTLIBOBJS=''
OBJEXT='o'
OBJS='src/parse_value.o src/parse_lib.o src/parse_type.o src/parse_function.o src/parse_loop.o src/parse_var.o src/parse_exp.o src/parse_op.o src/alignment.o src/buffer.o src/xfunc.o src/node.o src/node_function_call.o src/node_function_lib.o src/node_function.o src/node_function_come.o src/node_compile.o src/node_loop.o src/node_op.o src/node_value.o src/node_var.o src/vtable.o src/node_type.o src/klass.o src/node_block.o src/typedef.o src/compiler.o src/macro.o'
OS='LINUX'
PACKAGE_BUGREPORT=''
PACKAGE_NAME=''
PACKAGE_STRING=''
PACKAGE_TARNAME=''
PACKAGE_URL=''
PACKAGE_VERSION=''
PATH_SEPARATOR=':'
SELF_HOST_OBJS='src/parse_value.c.o src/parse_lib.c.o src/parse_type.c.o src/parse_function.c.o src/parse_loop.c.o src/parse_var.c.o src/parse_exp.c.o src/parse_op.c.o src/alignment.c.o src/buffer.c.o src/xfunc.c.o src/node.c.o src/vtable.c.o src/node_type.c.o src/klass.c.o src/node_block.c.o src/typedef.c.o src/compiler.c.o src/node_function_call.c.o src/node_function_lib.c.o src/node_function.c.o src/node_function_come.c.o src/node_loop.c.o src/node_op.c.o src/node_value.c.o src/node_var.c.o src/macro.c.o src/node_compile.c.o src/main.c.o'
SHELL='/bin/sh'
ac_ct_CC='gcc'
bindir='${exec_prefix}/bin'
build_alias=''
datadir='${datarootdir}'
datarootdir='${prefix}/share'
docdir='${datarootdir}/doc/${PACKAGE}'
dvidir='${docdir}'
exec_prefix='${prefix}'
host_alias=''
htmldir='${docdir}'
includedir='${prefix}/include'
infodir='${datarootdir}/info'
libdir='${exec_prefix}/lib'
libexecdir='${exec_prefix}/libexec'
localedir='${datarootdir}/locale'
localstatedir='${prefix}/var'
mandir='${datarootdir}/man'
oldincludedir='/usr/include'
pdfdir='${docdir}'
prefix='/data/data/com.termux/files/home'
program_transform_name='s,x,x,'
psdir='${docdir}'
runstatedir='${localstatedir}/run'
sbindir='${exec_prefix}/sbin'
sharedstatedir='${prefix}/com'
sysconfdir='${prefix}/etc'
target_alias=''

## ----------- ##
## confdefs.h. ##
## ----------- ##

/* confdefs.h */
#define PACKAGE_NAME ""
#define PACKAGE_TARNAME ""
#define PACKAGE_VERSION ""
#define PACKAGE_STRING ""
#define PACKAGE_BUGREPORT ""
#define PACKAGE_URL ""
#define HAVE_STDIO_H 1
#define HAVE_STDLIB_H 1
#define HAVE_STRING_H 1
#define HAVE_INTTYPES_H 1
#define HAVE_STDINT_H 1
#define HAVE_STRINGS_H 1
#define HAVE_SYS_STAT_H 1
#define HAVE_SYS_TYPES_H 1
#define HAVE_UNISTD_H 1
#define STDC_HEADERS 1
#define __ANDROID__ 1
#define __AARCH64_CPU__ 1
#define __64BIT_CPU__ 1
#define __LINUX__ 1
#define HAVE_MATH_H 1
#define HAVE_ICONV_H 1

configure: exit 0
