This file contains any messages produced by compilers while
running configure, to aid debugging if configure makes a mistake.

It was created by configure, which was
generated by GNU Autoconf 2.69.  Invocation command line was

  $ ./configure --prefix=/data/data/com.termux/files/home

## --------- ##
## Platform. ##
## --------- ##

hostname = localhost
uname -m = aarch64
uname -r = 3.18.79
uname -s = Linux
uname -v = #1 SMP PREEMPT Wed May 8 09:31:08 BST 2019

/usr/bin/uname -p = unknown
/bin/uname -X     = unknown

/bin/arch              = unknown
/usr/bin/arch -k       = unknown
/usr/convex/getsysinfo = unknown
/usr/bin/hostinfo      = unknown
/bin/machine           = unknown
/usr/bin/oslevel       = unknown
/bin/universe          = unknown

PATH: /data/data/com.termux/files/home/bin
PATH: /data/data/com.termux/files/usr/bin
PATH: /data/data/com.termux/files/home/bin


## ----------- ##
## Core tests. ##
## ----------- ##

configure:2158: checking for gcc
configure:2174: found /data/data/com.termux/files/usr/bin/gcc
configure:2185: result: gcc
configure:2414: checking for C compiler version
configure:2423: gcc --version >&5
clang version 15.0.6
Target: aarch64-unknown-linux-android24
Thread model: posix
InstalledDir: /data/data/com.termux/files/usr/bin
configure:2434: $? = 0
configure:2423: gcc -v >&5
clang version 15.0.6
Target: aarch64-unknown-linux-android24
Thread model: posix
InstalledDir: /data/data/com.termux/files/usr/bin
configure:2434: $? = 0
configure:2423: gcc -V >&5
clang-15: error: argument to '-V' is missing (expected 1 value)
clang-15: error: no input files
configure:2434: $? = 1
configure:2423: gcc -qversion >&5
clang-15: error: unknown argument '-qversion'; did you mean '--version'?
clang-15: error: no input files
configure:2434: $? = 1
configure:2454: checking whether the C compiler works
configure:2476: gcc    conftest.c  >&5
configure:2480: $? = 0
configure:2528: result: yes
configure:2531: checking for C compiler default output file name
configure:2533: result: a.out
configure:2539: checking for suffix of executables
configure:2546: gcc -o conftest    conftest.c  >&5
configure:2550: $? = 0
configure:2572: result: 
configure:2594: checking whether we are cross compiling
configure:2602: gcc -o conftest    conftest.c  >&5
configure:2606: $? = 0
configure:2613: ./conftest
configure:2617: $? = 0
configure:2632: result: no
configure:2637: checking for suffix of object files
configure:2659: gcc -c   conftest.c >&5
configure:2663: $? = 0
configure:2684: result: o
configure:2688: checking whether we are using the GNU C compiler
configure:2707: gcc -c   conftest.c >&5
configure:2707: $? = 0
configure:2716: result: yes
configure:2725: checking whether gcc accepts -g
configure:2745: gcc -c -g  conftest.c >&5
configure:2745: $? = 0
configure:2786: result: yes
configure:2803: checking for gcc option to accept ISO C89
configure:2866: gcc  -c -g -O2  conftest.c >&5
conftest.c:15:14: warning: a function definition without a prototype is deprecated in all versions of C and is not supported in C2x [-Wdeprecated-non-prototype]
static char *e (p, i)
             ^
1 warning generated.
configure:2866: $? = 0
configure:2879: result: none needed
configure:2942: checking for a BSD-compatible install
configure:3010: result: /data/data/com.termux/files/usr/bin/install -c
configure:3027: checking how to run the C preprocessor
configure:3058: gcc -E  conftest.c
configure:3058: $? = 0
configure:3072: gcc -E  conftest.c
conftest.c:9:10: fatal error: 'ac_nonexistent.h' file not found
#include <ac_nonexistent.h>
         ^~~~~~~~~~~~~~~~~~
1 error generated.
configure:3072: $? = 1
configure: failed program was:
| /* confdefs.h */
| #define PACKAGE_NAME ""
| #define PACKAGE_TARNAME ""
| #define PACKAGE_VERSION ""
| #define PACKAGE_STRING ""
| #define PACKAGE_BUGREPORT ""
| #define PACKAGE_URL ""
| /* end confdefs.h.  */
| #include <ac_nonexistent.h>
configure:3097: result: gcc -E
configure:3117: gcc -E  conftest.c
configure:3117: $? = 0
configure:3131: gcc -E  conftest.c
conftest.c:9:10: fatal error: 'ac_nonexistent.h' file not found
#include <ac_nonexistent.h>
         ^~~~~~~~~~~~~~~~~~
1 error generated.
configure:3131: $? = 1
configure: failed program was:
| /* confdefs.h */
| #define PACKAGE_NAME ""
| #define PACKAGE_TARNAME ""
| #define PACKAGE_VERSION ""
| #define PACKAGE_STRING ""
| #define PACKAGE_BUGREPORT ""
| #define PACKAGE_URL ""
| /* end confdefs.h.  */
| #include <ac_nonexistent.h>
configure:3160: checking for grep that handles long lines and -e
configure:3218: result: /data/data/com.termux/files/usr/bin/grep
configure:3223: checking for egrep
configure:3285: result: /data/data/com.termux/files/usr/bin/grep -E
configure:3290: checking for ANSI C header files
configure:3310: gcc -c -g -O2  conftest.c >&5
configure:3310: $? = 0
configure:3383: gcc -o conftest -g -O2   conftest.c  >&5
configure:3383: $? = 0
configure:3383: ./conftest
configure:3383: $? = 0
configure:3394: result: yes
configure:3407: checking for sys/types.h
configure:3407: gcc -c -g -O2  conftest.c >&5
configure:3407: $? = 0
configure:3407: result: yes
configure:3407: checking for sys/stat.h
configure:3407: gcc -c -g -O2  conftest.c >&5
configure:3407: $? = 0
configure:3407: result: yes
configure:3407: checking for stdlib.h
configure:3407: gcc -c -g -O2  conftest.c >&5
configure:3407: $? = 0
configure:3407: result: yes
configure:3407: checking for string.h
configure:3407: gcc -c -g -O2  conftest.c >&5
configure:3407: $? = 0
configure:3407: result: yes
configure:3407: checking for memory.h
configure:3407: gcc -c -g -O2  conftest.c >&5
configure:3407: $? = 0
configure:3407: result: yes
configure:3407: checking for strings.h
configure:3407: gcc -c -g -O2  conftest.c >&5
configure:3407: $? = 0
configure:3407: result: yes
configure:3407: checking for inttypes.h
configure:3407: gcc -c -g -O2  conftest.c >&5
configure:3407: $? = 0
configure:3407: result: yes
configure:3407: checking for stdint.h
configure:3407: gcc -c -g -O2  conftest.c >&5
configure:3407: $? = 0
configure:3407: result: yes
configure:3407: checking for unistd.h
configure:3407: gcc -c -g -O2  conftest.c >&5
configure:3407: $? = 0
configure:3407: result: yes
configure:3419: checking whether byte ordering is bigendian
configure:3434: gcc -c -g -O2  conftest.c >&5
conftest.c:20:9: error: unknown type name 'not'
               not a universal capable compiler
               ^
conftest.c:20:14: error: expected ';' after top level declarator
               not a universal capable compiler
                    ^
                    ;
2 errors generated.
configure:3434: $? = 1
configure: failed program was:
| /* confdefs.h */
| #define PACKAGE_NAME ""
| #define PACKAGE_TARNAME ""
| #define PACKAGE_VERSION ""
| #define PACKAGE_STRING ""
| #define PACKAGE_BUGREPORT ""
| #define PACKAGE_URL ""
| #define STDC_HEADERS 1
| #define HAVE_SYS_TYPES_H 1
| #define HAVE_SYS_STAT_H 1
| #define HAVE_STDLIB_H 1
| #define HAVE_STRING_H 1
| #define HAVE_MEMORY_H 1
| #define HAVE_STRINGS_H 1
| #define HAVE_INTTYPES_H 1
| #define HAVE_STDINT_H 1
| #define HAVE_UNISTD_H 1
| /* end confdefs.h.  */
| #ifndef __APPLE_CC__
| 	       not a universal capable compiler
| 	     #endif
| 	     typedef int dummy;
| 
configure:3479: gcc -c -g -O2  conftest.c >&5
configure:3479: $? = 0
configure:3497: gcc -c -g -O2  conftest.c >&5
conftest.c:26:4: error: use of undeclared identifier 'not'
                 not big endian
                 ^
1 error generated.
configure:3497: $? = 1
configure: failed program was:
| /* confdefs.h */
| #define PACKAGE_NAME ""
| #define PACKAGE_TARNAME ""
| #define PACKAGE_VERSION ""
| #define PACKAGE_STRING ""
| #define PACKAGE_BUGREPORT ""
| #define PACKAGE_URL ""
| #define STDC_HEADERS 1
| #define HAVE_SYS_TYPES_H 1
| #define HAVE_SYS_STAT_H 1
| #define HAVE_STDLIB_H 1
| #define HAVE_STRING_H 1
| #define HAVE_MEMORY_H 1
| #define HAVE_STRINGS_H 1
| #define HAVE_INTTYPES_H 1
| #define HAVE_STDINT_H 1
| #define HAVE_UNISTD_H 1
| /* end confdefs.h.  */
| #include <sys/types.h>
| 		#include <sys/param.h>
| 
| int
| main ()
| {
| #if BYTE_ORDER != BIG_ENDIAN
| 		 not big endian
| 		#endif
| 
|   ;
|   return 0;
| }
configure:3625: result: no
configure:3682: checking CPU type
configure:3759: checking Operating System
configure:3800: checking for main in -ldl
configure:3819: clang -o conftest -I.   conftest.c -ldl   >&5
configure:3819: $? = 0
configure:3828: result: yes
configure:3839: checking math.h usability
configure:3839: clang -c -I.  conftest.c >&5
configure:3839: $? = 0
configure:3839: result: yes
configure:3839: checking math.h presence
configure:3839: gcc -E  conftest.c
configure:3839: $? = 0
configure:3839: result: yes
configure:3839: checking for math.h
configure:3839: result: yes
configure:3846: checking for main in -lm
configure:3865: clang -o conftest -I.   conftest.c -lm   -ldl >&5
configure:3865: $? = 0
configure:3874: result: yes
configure:3881: checking iconv.h usability
configure:3881: clang -c -I.  conftest.c >&5
configure:3881: $? = 0
configure:3881: result: yes
configure:3881: checking iconv.h presence
configure:3881: gcc -E  conftest.c
configure:3881: $? = 0
configure:3881: result: yes
configure:3881: checking for iconv.h
configure:3881: result: yes
configure:3889: checking pcre.h usability
configure:3889: clang -c -I.  conftest.c >&5
configure:3889: $? = 0
configure:3889: result: yes
configure:3889: checking pcre.h presence
configure:3889: gcc -E  conftest.c
configure:3889: $? = 0
configure:3889: result: yes
configure:3889: checking for pcre.h
configure:3889: result: yes
configure:3896: checking for main in -lpcre
configure:3915: clang -o conftest -I.   conftest.c -lpcre   -ldl -lm >&5
configure:3915: $? = 0
configure:3924: result: yes
configure:3934: checking for main in -lgc
configure:3953: clang -o conftest -I.   conftest.c -lgc   -ldl -lm -lpcre >&5
configure:3953: $? = 0
configure:3962: result: yes
configure:4014: checking ncurses.h usability
configure:4014: clang -c -I.  conftest.c >&5
configure:4014: $? = 0
configure:4014: result: yes
configure:4014: checking ncurses.h presence
configure:4014: gcc -E  conftest.c
configure:4014: $? = 0
configure:4014: result: yes
configure:4014: checking for ncurses.h
configure:4014: result: yes
configure:4021: checking for main in -lncursesw
configure:4040: clang -o conftest -I.   conftest.c -lncursesw   -ldl -lm -lpcre -lgc >&5
configure:4040: $? = 0
configure:4049: result: yes
configure:4057: checking readline/readline.h usability
configure:4057: clang -c -I.  conftest.c >&5
configure:4057: $? = 0
configure:4057: result: yes
configure:4057: checking readline/readline.h presence
configure:4057: gcc -E  conftest.c
configure:4057: $? = 0
configure:4057: result: yes
configure:4057: checking for readline/readline.h
configure:4057: result: yes
configure:4064: checking for main in -lreadline
configure:4083: clang -o conftest -I.   conftest.c -lreadline   -ldl -lm -lpcre -lgc -lncursesw >&5
configure:4083: $? = 0
configure:4092: result: yes
configure:4100: checking for main in -lrt
configure:4119: clang -o conftest -I.   conftest.c -lrt   -ldl -lm -lpcre -lgc -lncursesw -lreadline >&5
configure:4119: $? = 0
configure:4128: result: yes
configure:4136: checking pthread.h usability
configure:4136: clang -c -I.  conftest.c >&5
configure:4136: $? = 0
configure:4136: result: yes
configure:4136: checking pthread.h presence
configure:4136: gcc -E  conftest.c
configure:4136: $? = 0
configure:4136: result: yes
configure:4136: checking for pthread.h
configure:4136: result: yes
configure:4143: checking for main in -lpthread
configure:4162: clang -o conftest -I.   conftest.c -lpthread   -ldl -lm -lpcre -lgc -lncursesw -lreadline -lrt >&5
configure:4162: $? = 0
configure:4171: result: yes
configure:4192: checking for lchmod
configure:4192: clang -o conftest -I.   conftest.c  -ldl -lm -lpcre -lgc -lncursesw -lreadline -lrt -lpthread >&5
ld.lld: error: undefined symbol: lchmod
>>> referenced by conftest.c
>>>               /data/data/com.termux/files/usr/tmp/conftest-537c62.o:(main)
>>> did you mean: fchmod
>>> defined in: /system/lib64/libc.so
clang-15: error: linker command failed with exit code 1 (use -v to see invocation)
configure:4192: $? = 1
configure: failed program was:
| /* confdefs.h */
| #define PACKAGE_NAME ""
| #define PACKAGE_TARNAME ""
| #define PACKAGE_VERSION ""
| #define PACKAGE_STRING ""
| #define PACKAGE_BUGREPORT ""
| #define PACKAGE_URL ""
| #define STDC_HEADERS 1
| #define HAVE_SYS_TYPES_H 1
| #define HAVE_SYS_STAT_H 1
| #define HAVE_STDLIB_H 1
| #define HAVE_STRING_H 1
| #define HAVE_MEMORY_H 1
| #define HAVE_STRINGS_H 1
| #define HAVE_INTTYPES_H 1
| #define HAVE_STDINT_H 1
| #define HAVE_UNISTD_H 1
| #define __ANDROID__ 1
| #define HAVE_MATH_H 1
| #define HAVE_ICONV_H 1
| #define HAVE_PCRE_H 1
| #define HAVE_NCURSESW_H 1
| #define HAVE_READLINE_H 1
| #define HAVE_PTHREAD_H 1
| /* end confdefs.h.  */
| /* Define lchmod to an innocuous variant, in case <limits.h> declares lchmod.
|    For example, HP-UX 11i <limits.h> declares gettimeofday.  */
| #define lchmod innocuous_lchmod
| 
| /* System header to define __stub macros and hopefully few prototypes,
|     which can conflict with char lchmod (); below.
|     Prefer <limits.h> to <assert.h> if __STDC__ is defined, since
|     <limits.h> exists even on freestanding compilers.  */
| 
| #ifdef __STDC__
| # include <limits.h>
| #else
| # include <assert.h>
| #endif
| 
| #undef lchmod
| 
| /* Override any GCC internal prototype to avoid an error.
|    Use char because int might match the return type of a GCC
|    builtin and then its argument prototype would still apply.  */
| #ifdef __cplusplus
| extern "C"
| #endif
| char lchmod ();
| /* The GNU C library defines this for functions which it implements
|     to always fail with ENOSYS.  Some functions are actually named
|     something starting with __ and the normal name is an alias.  */
| #if defined __stub_lchmod || defined __stub___lchmod
| choke me
| #endif
| 
| int
| main ()
| {
| return lchmod ();
|   ;
|   return 0;
| }
configure:4192: result: no
configure:4203: checking for execvpe
configure:4203: clang -o conftest -I.   conftest.c  -ldl -lm -lpcre -lgc -lncursesw -lreadline -lrt -lpthread >&5
configure:4203: $? = 0
configure:4203: result: yes
configure:4332: creating ./config.status

## ---------------------- ##
## Running config.status. ##
## ---------------------- ##

This file was extended by config.status, which was
generated by GNU Autoconf 2.69.  Invocation command line was

  CONFIG_FILES    = 
  CONFIG_HEADERS  = 
  CONFIG_LINKS    = 
  CONFIG_COMMANDS = 
  $ ./config.status 

on localhost

config.status:814: creating Makefile
config.status:814: creating config.h

## ---------------- ##
## Cache variables. ##
## ---------------- ##

ac_cv_c_bigendian='no'
ac_cv_c_compiler_gnu='yes'
ac_cv_env_CC_set=''
ac_cv_env_CC_value=''
ac_cv_env_CFLAGS_set=''
ac_cv_env_CFLAGS_value=''
ac_cv_env_CPPFLAGS_set=''
ac_cv_env_CPPFLAGS_value=''
ac_cv_env_CPP_set=''
ac_cv_env_CPP_value=''
ac_cv_env_LDFLAGS_set=''
ac_cv_env_LDFLAGS_value=''
ac_cv_env_LIBS_set=''
ac_cv_env_LIBS_value=''
ac_cv_env_build_alias_set=''
ac_cv_env_build_alias_value=''
ac_cv_env_host_alias_set=''
ac_cv_env_host_alias_value=''
ac_cv_env_target_alias_set=''
ac_cv_env_target_alias_value=''
ac_cv_func_execvpe='yes'
ac_cv_func_lchmod='no'
ac_cv_header_iconv_h='yes'
ac_cv_header_inttypes_h='yes'
ac_cv_header_math_h='yes'
ac_cv_header_memory_h='yes'
ac_cv_header_ncurses_h='yes'
ac_cv_header_pcre_h='yes'
ac_cv_header_pthread_h='yes'
ac_cv_header_readline_readline_h='yes'
ac_cv_header_stdc='yes'
ac_cv_header_stdint_h='yes'
ac_cv_header_stdlib_h='yes'
ac_cv_header_string_h='yes'
ac_cv_header_strings_h='yes'
ac_cv_header_sys_stat_h='yes'
ac_cv_header_sys_types_h='yes'
ac_cv_header_unistd_h='yes'
ac_cv_lib_dl='ac_cv_lib_dl_main'
ac_cv_lib_dl_main='yes'
ac_cv_lib_gc='ac_cv_lib_gc_main'
ac_cv_lib_gc_main='yes'
ac_cv_lib_m='ac_cv_lib_m_main'
ac_cv_lib_m_main='yes'
ac_cv_lib_ncursesw='ac_cv_lib_ncursesw_main'
ac_cv_lib_ncursesw_main='yes'
ac_cv_lib_pcre='ac_cv_lib_pcre_main'
ac_cv_lib_pcre_main='yes'
ac_cv_lib_pthread='ac_cv_lib_pthread_main'
ac_cv_lib_pthread_main='yes'
ac_cv_lib_readline='ac_cv_lib_readline_main'
ac_cv_lib_readline_main='yes'
ac_cv_lib_rt='ac_cv_lib_rt_main'
ac_cv_lib_rt_main='yes'
ac_cv_objext='o'
ac_cv_path_EGREP='/data/data/com.termux/files/usr/bin/grep -E'
ac_cv_path_GREP='/data/data/com.termux/files/usr/bin/grep'
ac_cv_path_install='/data/data/com.termux/files/usr/bin/install -c'
ac_cv_prog_CPP='gcc -E'
ac_cv_prog_ac_ct_CC='gcc'
ac_cv_prog_cc_c89=''
ac_cv_prog_cc_g='yes'

## ----------------- ##
## Output variables. ##
## ----------------- ##

CC='clang'
CFLAGS='-I.'
CPP='gcc -E'
CPPFLAGS=''
DEFS='-DHAVE_CONFIG_H'
DESTDIR='/data/data/com.termux/files/home'
ECHO_C=''
ECHO_N='-n'
ECHO_T=''
EGREP='/data/data/com.termux/files/usr/bin/grep -E'
EXEEXT=''
GREP='/data/data/com.termux/files/usr/bin/grep'
INSTALL_DATA='${INSTALL} -m 644'
INSTALL_PROGRAM='${INSTALL}'
INSTALL_SCRIPT='${INSTALL}'
LDFLAGS=''
LIBOBJS=''
LIBS=' -ldl -lm -lpcre -lgc -lncursesw -lreadline -lrt -lpthread'
LTLIBOBJS=''
NCC=''
NCFLAGS=''
OBJEXT='o'
OS=''
PACKAGE_BUGREPORT=''
PACKAGE_NAME=''
PACKAGE_STRING=''
PACKAGE_TARNAME=''
PACKAGE_URL=''
PACKAGE_VERSION=''
PATH_SEPARATOR=':'
SHELL='/bin/sh'
ac_ct_CC='gcc'
bindir='${exec_prefix}/bin'
build_alias=''
datadir='${datarootdir}'
datarootdir='${prefix}/share'
docdir='${datarootdir}/doc/${PACKAGE}'
dvidir='${docdir}'
exec_prefix='${prefix}'
host_alias=''
htmldir='${docdir}'
includedir='${prefix}/include'
infodir='${datarootdir}/info'
libdir='${exec_prefix}/lib'
libexecdir='${exec_prefix}/libexec'
localedir='${datarootdir}/locale'
localstatedir='${prefix}/var'
mandir='${datarootdir}/man'
oldincludedir='/usr/include'
pdfdir='${docdir}'
prefix='/data/data/com.termux/files/home'
program_transform_name='s,x,x,'
psdir='${docdir}'
runstatedir='${localstatedir}/run'
sbindir='${exec_prefix}/sbin'
sharedstatedir='${prefix}/com'
sysconfdir='${prefix}/etc'
target_alias=''

## ----------- ##
## confdefs.h. ##
## ----------- ##

/* confdefs.h */
#define PACKAGE_NAME ""
#define PACKAGE_TARNAME ""
#define PACKAGE_VERSION ""
#define PACKAGE_STRING ""
#define PACKAGE_BUGREPORT ""
#define PACKAGE_URL ""
#define STDC_HEADERS 1
#define HAVE_SYS_TYPES_H 1
#define HAVE_SYS_STAT_H 1
#define HAVE_STDLIB_H 1
#define HAVE_STRING_H 1
#define HAVE_MEMORY_H 1
#define HAVE_STRINGS_H 1
#define HAVE_INTTYPES_H 1
#define HAVE_STDINT_H 1
#define HAVE_UNISTD_H 1
#define __ANDROID__ 1
#define HAVE_MATH_H 1
#define HAVE_ICONV_H 1
#define HAVE_PCRE_H 1
#define HAVE_NCURSESW_H 1
#define HAVE_READLINE_H 1
#define HAVE_PTHREAD_H 1
#define HAVE_EXECVPE 1

configure: exit 0
